<?xml version="1.0" encoding="UTF-8"?>
<!-- Generated by org.testng.reporters.JUnitXMLReporter -->
<testsuite ignored="0" hostname="DESKTOP-4R56CLN" failures="1" tests="3" name="Error Validations Test" time="61.5" errors="0" timestamp="2025-05-02T16:16:46 GMT+04:00">
  <testcase classname="autoProject.ErrorValidationsTest" name="LoginErrorValidation" time="3.315">
    <skipped/>
  </testcase> <!-- LoginErrorValidation -->
  <testcase classname="autoProject.ErrorValidationsTest" name="LoginErrorValidation" time="2.148">
    <failure type="java.lang.AssertionError" message="expected [Incorrect email or password.] but found [Incorrect email password.]">
      <![CDATA[java.lang.AssertionError: expected [Incorrect email or password.] but found [Incorrect email password.]
at autoProject.ErrorValidationsTest.LoginErrorValidation(ErrorValidationsTest.java:23)
at java.base/java.util.ArrayList.forEach(ArrayList.java:1596)
at java.base/java.util.concurrent.FutureTask.run(FutureTask.java:317)
at java.base/java.util.concurrent.ThreadPoolExecutor.runWorker(ThreadPoolExecutor.java:1144)
at java.base/java.util.concurrent.ThreadPoolExecutor$Worker.run(ThreadPoolExecutor.java:642)
at java.base/java.lang.Thread.run(Thread.java:1583)
... Removed 21 stack frames]]>
    </failure>
  </testcase> <!-- LoginErrorValidation -->
  <testcase classname="autoProject.ErrorValidationsTest" name="ProductErrorValidation" time="21.206"/>
</testsuite> <!-- Error Validations Test -->
